\BOOKMARK [0][-]{chapter.1}{\332vod}{}% 1
\BOOKMARK [0][-]{chapter.2}{Jak pulsuj\355 hvezdy}{}% 2
\BOOKMARK [1][-]{section.2.1}{Numerick\351 re\235en\355 obycejn\375ch diferenci\341ln\355ch rovnic}{chapter.2}% 3
\BOOKMARK [2][-]{subsection.2.1.1}{Jednokrokov\351 metody}{section.2.1}% 4
\BOOKMARK [2][-]{subsection.2.1.2}{V\355cekrokov\351 metody}{section.2.1}% 5
\BOOKMARK [1][-]{section.2.2}{Jak pulsuj\355 hvezdy}{chapter.2}% 6
\BOOKMARK [0][-]{chapter.3}{Z\341klady re\235en\355 parci\341ln\355ch diferenci\341ln\355ch rovnic}{}% 7
\BOOKMARK [1][-]{section.3.1}{Metoda konecn\375ch diferenc\355}{chapter.3}% 8
\BOOKMARK [1][-]{section.3.2}{Nejjednodu\235\235\355 numerick\341 sch\351mata}{chapter.3}% 9
\BOOKMARK [1][-]{section.3.3}{Numerick\351 testy}{chapter.3}% 10
\BOOKMARK [0][-]{chapter.4}{Numerick\351 simulace hvezdn\351ho vetru}{}% 11
\BOOKMARK [1][-]{section.4.1}{Z\341kladn\355 rovnice hydrodynamiky}{chapter.4}% 12
\BOOKMARK [1][-]{section.4.2}{Z\341klady numerick\351 dynamiky tekutin}{chapter.4}% 13
\BOOKMARK [2][-]{subsection.4.2.1}{Konzervativn\355 sch\351ma}{section.4.2}% 14
\BOOKMARK [2][-]{subsection.4.2.2}{Technika oddelen\375ch toku}{section.4.2}% 15
\BOOKMARK [1][-]{section.4.3}{Advekcn\355 clen}{chapter.4}% 16
\BOOKMARK [2][-]{subsection.4.3.1}{VanLeerova metoda}{section.4.3}% 17
\BOOKMARK [1][-]{section.4.4}{Zdrojov\351 cleny}{chapter.4}% 18
\BOOKMARK [2][-]{subsection.4.4.1}{Tvorba vlastn\355ho k\363du}{section.4.4}% 19
\BOOKMARK [1][-]{section.4.5}{Astrofyzik\341ln\355 aplikace - hvezdn\375 v\355tr}{chapter.4}% 20
\BOOKMARK [0][-]{chapter.5}{Optimalizace - re\235en\355 inverzn\355ch \372loh}{}% 21
\BOOKMARK [0][-]{chapter.6}{Jak na GIT}{}% 22
