This is TeX, Version 3.14159265 (TeX Live 2015/Arch Linux) (preloaded format=tex 2015.11.15)  11 DEC 2015 22:42
**moremath.ins
(./moremath.ins (/usr/share/texmf-dist/tex/latex/base/docstrip.tex
\blockLevel=\count26
\emptyLines=\count27
\processedLines=\count28
\commentsRemoved=\count29
\commentsPassed=\count30
\codeLinesPassed=\count31
\TotalprocessedLines=\count32
\TotalcommentsRemoved=\count33
\TotalcommentsPassed=\count34
\TotalcodeLinesPassed=\count35
\NumberOfFiles=\count36
\inFile=\read0
\inputcheck=\read1
\@tempcnta=\count37
\off@0=\count38
\off@1=\count39
\off@2=\count40
\off@3=\count41
\off@4=\count42
\off@5=\count43
\off@6=\count44
\off@7=\count45
\off@8=\count46
\off@9=\count47
\off@10=\count48
\off@11=\count49
\off@12=\count50
\off@13=\count51
\off@14=\count52
\off@15=\count53
\@temptokena=\toks12
\@maxfiles=\count54
\@maxoutfiles=\count55

Utility: `docstrip' 2.5e <2014/09/29>
English documentation    <2014/09/29>

**********************************************************
* This program converts documented macro-files into fast *
* loadable files by stripping off (nearly) all comments! *
**********************************************************

********************************************************
* No Configuration file found, using default settings. *
********************************************************

)

Generating file(s) moremath.sty valform.sty valform.tex newvec.sty mathabbr.sty
 mathabbr.tex binbreak.sty binbreak.tex bracketsym.sty 
\openout0 = `moremath.sty'.

\openout1 = `valform.sty'.

\openout2 = `valform.tex'.

\openout3 = `newvec.sty'.

\openout4 = `mathabbr.sty'.

\openout5 = `mathabbr.tex'.

\openout6 = `binbreak.sty'.

\openout7 = `binbreak.tex'.

\openout8 = `bracketsym.sty'.


Processing file moremath.dtx (package,latex,moremath) -> moremath.sty
                             (package,latex,valform) -> valform.sty
                             (package,plain,valform) -> valform.tex
                             (package,latex,newvec) -> newvec.sty
                             (package,latex,mathabbr) -> mathabbr.sty
                             (package,plain,mathabbr) -> mathabbr.tex
                             (package,latex,binbreak) -> binbreak.sty
                             (package,plain,binbreak) -> binbreak.tex
                             (package,latex,bracketsym) -> bracketsym.sty
File moremath.dtx ended by \endinput.
Lines  processed: 2157
Comments removed: 1538
Comments  passed: 16
Codelines passed: 468


Generating file(s) ot1cmvec.fd 
\openout0 = `ot1cmvec.fd'.


Processing file moremath.dtx (cmvec,fd) -> ot1cmvec.fd
File moremath.dtx ended by \endinput.
Lines  processed: 2157
Comments removed: 1538
Comments  passed: 16
Codelines passed: 468


Generating file(s) cmvec10.mf 
\openout0 = `cmvec10.mf'.


Processing file moremath.dtx (cmvec,tenpoint) -> cmvec10.mf
File moremath.dtx ended by \endinput.
Lines  processed: 2157
Comments removed: 1538
Comments  passed: 16
Codelines passed: 468

**************************************************************** 
* 
* To finish installation please move generated *.sty, *.tex and 
* *.fd files to some place where (La)TeX can find them; move file 
* cmvec10.mf to some place where METAFONT can find it; and run 
* cmvec10.mf through METAFONT to render the font and to generate 
* metrics. 
* 
* To produce documentation run the file moremath.dtx through 
* LaTeX2e (index is supported). 
* 
* Happy TeXing! 
* 
**************************************************************** 
Overall statistics:
Files  processed: 3
Lines  processed: 6471
Comments removed: 4614
Comments  passed: 48
Codelines passed: 1404
 )
No pages of output.
